{"level":"INFO","message":"[12:02:34.527 AM]: Trying to initialize Easy Logging"}
{"level":"INFO","message":"[12:02:34.537 AM]: No client config file found in default directories"}
{"level":"INFO","message":"[12:02:34.538 AM]: Easy Logging is disabled as no config has been found"}
{"level":"INFO","message":"[8:56:55.604 PM]: Trying to initialize Easy Logging"}
{"level":"INFO","message":"[8:56:55.614 PM]: No client config file found in default directories"}
{"level":"INFO","message":"[8:56:55.615 PM]: Easy Logging is disabled as no config has been found"}
{"level":"INFO","message":"[8:59:39.044 PM]: Trying to initialize Easy Logging"}
{"level":"INFO","message":"[8:59:39.055 PM]: No client config file found in default directories"}
{"level":"INFO","message":"[8:59:39.055 PM]: Easy Logging is disabled as no config has been found"}
{"level":"INFO","message":"[9:03:23.436 PM]: Trying to initialize Easy Logging"}
{"level":"INFO","message":"[9:03:23.448 PM]: No client config file found in default directories"}
{"level":"INFO","message":"[9:03:23.448 PM]: Easy Logging is disabled as no config has been found"}
{"level":"INFO","message":"[9:09:09.844 PM]: Trying to initialize Easy Logging"}
{"level":"INFO","message":"[9:09:09.853 PM]: No client config file found in default directories"}
{"level":"INFO","message":"[9:09:09.853 PM]: Easy Logging is disabled as no config has been found"}
{"level":"INFO","message":"[9:12:49.360 PM]: Trying to initialize Easy Logging"}
{"level":"INFO","message":"[9:12:49.372 PM]: No client config file found in default directories"}
{"level":"INFO","message":"[9:12:49.373 PM]: Easy Logging is disabled as no config has been found"}
{"level":"INFO","message":"[9:14:12.922 PM]: Trying to initialize Easy Logging"}
{"level":"INFO","message":"[9:14:12.931 PM]: No client config file found in default directories"}
{"level":"INFO","message":"[9:14:12.932 PM]: Easy Logging is disabled as no config has been found"}
{"level":"INFO","message":"[9:16:09.247 PM]: Trying to initialize Easy Logging"}
{"level":"INFO","message":"[9:16:09.258 PM]: No client config file found in default directories"}
{"level":"INFO","message":"[9:16:09.259 PM]: Easy Logging is disabled as no config has been found"}
